TN:
SF:appTest.js
FNF:0
FNH:0
DA:1,1
DA:2,1
DA:3,1
DA:4,1
DA:6,1
DA:7,1
DA:8,1
DA:9,1
DA:11,1
LF:9
LH:9
BRF:0
BRH:0
end_of_record
TN:
SF:controllers/Controller.js
FN:4,(anonymous_0)
FNF:1
FNH:1
FNDA:3,(anonymous_0)
DA:1,1
DA:5,3
DA:7,3
DA:8,1
DA:11,2
DA:12,2
DA:13,2
DA:15,2
DA:20,1
LF:9
LH:9
BRDA:7,0,0,1
BRDA:7,0,1,2
BRF:2
BRH:2
end_of_record
TN:
SF:helper/convert2.js
FN:1,toUpperLowerCase
FNF:1
FNH:1
FNDA:2,toUpperLowerCase
DA:2,2
DA:3,2
DA:4,21
DA:5,10
DA:8,2
DA:11,1
LF:6
LH:6
BRDA:4,0,0,11
BRDA:4,0,1,10
BRF:2
BRH:2
end_of_record
TN:
SF:routes/index.js
FN:4,(anonymous_0)
FNF:1
FNH:1
FNDA:1,(anonymous_0)
DA:1,1
DA:2,1
DA:4,1
DA:5,1
DA:7,1
LF:5
LH:5
BRF:0
BRH:0
end_of_record
